compiling quantas/DolevPeer/DolevPeer.cpp
compiling quantas/Common/Abstract/abstractSimulation.cpp
compiling quantas/Common/Abstract/Channel.cpp
running with input: quantas/topologies/edge_remover_n50_k5_t5.json
finished saving results for test
finished saving results for test
finished saving results for test
finished saving results for test
finished saving results for test
finished saving results for test
finished saving results for test
finished saving results for test
finished saving results for test
finished saving results for test
finished saving results for test
finished saving results for test
finished saving results for test
finished saving results for test
finished saving results for test
finished saving results for test
finished saving results for test
finished saving results for test
finished saving results for test
finished saving results for test
finished saving results for test
finished saving results for test
finished saving results for test
finished saving results for test
finished saving results for test
finished saving results for test
finished saving results for test
finished saving results for test
finished saving results for test
finished saving results for test
finished saving results for test
finished saving results for test
finished saving results for test
finished saving results for test
finished saving results for test
finished saving results for test
finished saving results for test
finished saving results for test
finished saving results for test
finished saving results for test
finished saving results for test
finished saving results for test
finished saving results for test
finished saving results for test
finished saving results for test
finished saving results for test
finished saving results for test
finished saving results for test
finished saving results for test
finished saving results for test
finished saving results for test
finished saving results for test
finished saving results for test
finished saving results for test
finished saving results for test
finished saving results for test
finished saving results for test
finished saving results for test
finished saving results for test
finished saving results for test
finished saving results for test
finished saving results for test
finished saving results for test
finished saving results for test
finished saving results for test
finished saving results for test
finished saving results for test
finished saving results for test
finished saving results for test
finished saving results for test
finished saving results for test
finished saving results for test
finished saving results for test
finished saving results for test
finished saving results for test
finished saving results for test
finished saving results for test
finished saving results for test
finished saving results for test
finished saving results for test
finished saving results for test
finished saving results for test
finished saving results for test
finished saving results for test
finished saving results for test
finished saving results for test
finished saving results for test
finished saving results for test
finished saving results for test
finished saving results for test
finished saving results for test
finished saving results for test
finished saving results for test
finished saving results for test
finished saving results for test
finished saving results for test
finished saving results for test
finished saving results for test
finished saving results for test
finished saving results for test
finished saving results for test
finished saving results for test
finished saving results for test
finished saving results for test
finished saving results for test
finished saving results for test
finished saving results for test
finished saving results for test
finished saving results for test
finished saving results for test
finished saving results for test
finished saving results for test
finished saving results for test
finished saving results for test
finished saving results for test
finished saving results for test
finished saving results for test
finished saving results for test
finished saving results for test
finished saving results for test
finished saving results for test
finished saving results for test
finished saving results for test
finished saving results for test
finished saving results for test
finished saving results for test
finished saving results for test
finished saving results for test
finished saving results for test
finished saving results for test
finished saving results for test
finished saving results for test
finished saving results for test
finished saving results for test
finished saving results for test
finished saving results for test
finished saving results for test
finished saving results for test
finished saving results for test
finished saving results for test
finished saving results for test
finished saving results for test
finished saving results for test
finished saving results for test
finished saving results for test
finished saving results for test
finished saving results for test
finished saving results for test
finished saving results for test
finished saving results for test
finished saving results for test
finished saving results for test
finished saving results for test
finished saving results for test
finished saving results for test
finished saving results for test
finished saving results for test
finished saving results for test
finished saving results for test
finished saving results for test
finished saving results for test
finished saving results for test
finished saving results for test
finished saving results for test
finished saving results for test
finished saving results for test
finished saving results for test
finished saving results for test
finished saving results for test
finished saving results for test
finished saving results for test
finished saving results for test
finished saving results for test
finished saving results for test
finished saving results for test
finished saving results for test
finished saving results for test
finished saving results for test
finished saving results for test
finished saving results for test
finished saving results for test
finished saving results for test
finished saving results for test
finished saving results for test
finished saving results for test
finished saving results for test
finished saving results for test
finished saving results for test
finished saving results for test
finished saving results for test
finished saving results for test
finished saving results for test
finished saving results for test
finished saving results for test
finished saving results for test
finished saving results for test
finished saving results for test
finished saving results for test
finished saving results for test
finished saving results for test
finished saving results for test
finished saving results for test
finished saving results for test
finished saving results for test
finished saving results for test
finished saving results for test
finished saving results for test
finished saving results for test
finished saving results for test
finished saving results for test
finished saving results for test
finished saving results for test
finished saving results for test
finished saving results for test
finished saving results for test
finished saving results for test
finished saving results for test
finished saving results for test
finished saving results for test
finished saving results for test
finished saving results for test
finished saving results for test
finished saving results for test
finished saving results for test
finished saving results for test
finished saving results for test
finished saving results for test
finished saving results for test
finished saving results for test
finished saving results for test
finished saving results for test
